<?xml version="1.0" encoding="UTF-8"?>
<!-- Generated by org.testng.reporters.JUnitReportReporter -->
<testsuite hostname="LAPTOP-0T7QINT9" failures="0" tests="1" name="com.actitime2.testscript.ProjectModule" time="13.352" errors="0" timestamp="2023-12-01T07:39:29 IST" skipped="0">
  <testcase classname="com.actitime2.testscript.ProjectModule" name="testCreateProject" time="13.352">
    <system-out>
      <![CDATA[CreateProject]]>
    </system-out>
  </testcase> <!-- testCreateProject -->
  <system-out>
    <![CDATA[CreateProject]]>
  </system-out>
</testsuite> <!-- com.actitime2.testscript.ProjectModule -->
